
> beetle@1.0.0 startP
> nodemon mainScript.js

[33m[nodemon] 3.1.10[39m
[33m[nodemon] to restart at any time, enter `rs`[39m
[33m[nodemon] watching path(s): *.*[39m
[33m[nodemon] watching extensions: js,mjs,cjs,json[39m
[32m[nodemon] starting `node mainScript.js`[39m
[dotenv@17.2.1] injecting env (5) from .env -- tip: ⚙️  specify custom .env file path with { path: '/custom/path/.env' }
Hi Tracopk, you are on http:localhost/3000
Updating page
Getting the agenda Page /Agenda
Getting the agenda /getCustomers
Updating page
Getting images neutral
[31m[nodemon] app crashed - waiting for file changes before starting...[39m
[32m[nodemon] restarting child process[39m
[32m[nodemon] starting `node mainScript.js`[39m
[dotenv@17.2.1] injecting env (5) from .env -- tip: 📡 version env with Radar: https://dotenvx.com/radar
Hi Tracopk, you are on http:localhost/3000
Updating page
^C^C